Arguments: 
  /Users/anael.medeiros/.nvm/versions/node/v16.17.0/bin/node /opt/homebrew/Cellar/yarn/1.22.19/libexec/bin/yarn.js init

PATH: 
  /Users/anael.medeiros/.nvm/versions/node/v16.17.0/bin:/opt/homebrew/bin:/opt/homebrew/bin:/opt/homebrew/sbin:/usr/local/bin:/usr/bin:/bin:/usr/sbin:/sbin:/Users/anael.medeiros/.nvm/versions/node/v16.17.0/bin:/opt/homebrew/bin:/opt/homebrew/sbin

Yarn version: 
  1.22.19

Node version: 
  16.17.0

Platform: 
  darwin arm64

Trace: 
  Error: canceled
      at Interface.<anonymous> (/opt/homebrew/Cellar/yarn/1.22.19/libexec/lib/cli.js:137150:13)
      at Interface.emit (node:events:513:28)
      at Interface._ttyWrite (node:readline:1085:16)
      at ReadStream.onkeypress (node:readline:291:10)
      at ReadStream.emit (node:events:513:28)
      at emitKeys (node:internal/readline/utils:357:14)
      at emitKeys.next (<anonymous>)
      at ReadStream.onData (node:internal/readline/emitKeypressEvents:61:36)
      at ReadStream.emit (node:events:513:28)
      at addChunk (node:internal/streams/readable:315:12)

npm manifest: 
  {
    "name": "syncdatabasemonitor",
    "version": "1.0.0",
    "description": "Projeto com o objetivo de monitorar os serviços de backup dos bancos de dados dos clientes da novel consultoria",
    "main": "index.js",
    "author": "R764",
    "license": "MIT",
    "private": true,
    "type": "module",
    "scripts": {
      "start": "node --es-module-specifier-resolution=node ./src/index.js",
      "migration": "set NODE_ENV=migration && node --es-module-specifier-resolution=node ./src/database/start.database.js",
      "dev": "set NODE_ENV=env && nodemon --es-module-specifier-resolution=node ./src/index.js",
      "pretest": "NODE_ENV=test node ./src/database/start.database.js",
      "test": "jest",
      "posttest": "NODE_ENV=test node ./src/database/undo.database.js"
    },
    "dependencies": {
      "bcrypt": "^5.0.1",
      "cors": "^2.8.5",
      "crypto": "^1.0.1",
      "dotenv": "^16.0.0",
      "express": "^4.18.1",
      "express-async-errors": "^3.1.1",
      "express-validator": "^6.14.0",
      "handlebars": "^4.7.7",
      "jsonwebtoken": "^8.5.1",
      "lodash": "^4.17.21",
      "nodemailer": "^6.7.8",
      "nodemon": "^2.0.19",
      "pg": "^8.7.3",
      "pg-hstore": "^2.3.4",
      "sequelize": "^6.19.0",
      "sequelize-paginate": "^1.1.6"
    },
    "devDependencies": {
      "@types/jest": "^27.5.1",
      "@types/supertest": "^2.0.12",
      "babel-cli": "^6.26.0",
      "babel-jest": "^28.1.0",
      "babel-preset-env": "^1.7.0",
      "jest": "^28.1.0",
      "jest-mock-extended": "^2.0.6",
      "sqlite3": "^5.0.8",
      "superagent": "^7.1.3",
      "supertest": "^6.2.3",
      "ts-jest": "^28.0.2"
    }
  }

yarn manifest: 
  No manifest

Lockfile: 
  No lockfile
